Using pre-set license
Built from '2020.3/staging' branch; Version is '2020.3.26f1 (7298b473bc1a) revision 7510196'; Using compiler version '192528614'; Build Type 'Release'
OS: 'Windows 10  (10.0.19043) 64bit CoreSingleLanguage' Language: 'es' Physical Memory: 8042 MB
BatchMode: 1, IsHumanControllingUs: 0, StartBugReporterOnCrash: 0, Is64bit: 1, IsPro: 0

COMMAND LINE ARGUMENTS:
C:\Program Files\Unity\Hub\Editor\2020.3.26f1\Editor\Unity.exe
-adb2
-batchMode
-noUpm
-name
AssetImportWorker2
-projectPath
C:/Users/AsusPC/Desktop/MyGames/Demo/Mobile/3D/Urban_Ninja/UrbanNinja
-logFile
Logs/AssetImportWorker2.log
-srvPort
55369
Successfully changed project path to: C:/Users/AsusPC/Desktop/MyGames/Demo/Mobile/3D/Urban_Ninja/UrbanNinja
C:/Users/AsusPC/Desktop/MyGames/Demo/Mobile/3D/Urban_Ninja/UrbanNinja
Using Asset Import Pipeline V2.
Refreshing native plugins compatible for Editor in 47.67 ms, found 2 plugins.
Preloading 0 native plugins for Editor in 0.00 ms.
Initialize engine version: 2020.3.26f1 (7298b473bc1a)
[Subsystems] Discovering subsystems at path C:/Program Files/Unity/Hub/Editor/2020.3.26f1/Editor/Data/Resources/UnitySubsystems
[Subsystems] Discovering subsystems at path C:/Users/AsusPC/Desktop/MyGames/Demo/Mobile/3D/Urban_Ninja/UrbanNinja/Assets
GfxDevice: creating device client; threaded=0
Direct3D:
    Version:  Direct3D 11.0 [level 11.1]
    Renderer: NVIDIA GeForce GTX 1650 (ID=0x1f91)
    Vendor:   
    VRAM:     3962 MB
    Driver:   27.21.14.5763
Initialize mono
Mono path[0] = 'C:/Program Files/Unity/Hub/Editor/2020.3.26f1/Editor/Data/Managed'
Mono path[1] = 'C:/Program Files/Unity/Hub/Editor/2020.3.26f1/Editor/Data/MonoBleedingEdge/lib/mono/unityjit'
Mono config path = 'C:/Program Files/Unity/Hub/Editor/2020.3.26f1/Editor/Data/MonoBleedingEdge/etc'
Using monoOptions --debugger-agent=transport=dt_socket,embedding=1,server=y,suspend=n,address=127.0.0.1:56580
Begin MonoManager ReloadAssembly
Registering precompiled unity dll's ...
Register platform support module: C:/Program Files/Unity/Hub/Editor/2020.3.26f1/Editor/Data/PlaybackEngines/WebGLSupport/UnityEditor.WebGL.Extensions.dll
Register platform support module: C:/Program Files/Unity/Hub/Editor/2020.3.26f1/Editor/Data/PlaybackEngines/WindowsStandaloneSupport/UnityEditor.WindowsStandalone.Extensions.dll
Registered in 0.002366 seconds.
Native extension for WindowsStandalone target not found
Native extension for WebGL target not found
Refreshing native plugins compatible for Editor in 50.49 ms, found 2 plugins.
Preloading 0 native plugins for Editor in 0.00 ms.
Mono: successfully reloaded assembly
- Completed reload, in  0.606 seconds
Domain Reload Profiling:
	ReloadAssembly (606ms)
		BeginReloadAssembly (52ms)
			ExecutionOrderSort (0ms)
			DisableScriptedObjects (0ms)
			BackupInstance (0ms)
			ReleaseScriptingObjects (0ms)
			CreateAndSetChildDomain (1ms)
		EndReloadAssembly (484ms)
			LoadAssemblies (50ms)
			RebuildTransferFunctionScriptingTraits (0ms)
			SetupTypeCache (148ms)
			ReleaseScriptCaches (0ms)
			RebuildScriptCaches (31ms)
			SetupLoadedEditorAssemblies (201ms)
				LogAssemblyErrors (0ms)
				InitializePlatformSupportModulesInManaged (5ms)
				SetLoadedEditorAssemblies (0ms)
				RefreshPlugins (51ms)
				BeforeProcessingInitializeOnLoad (21ms)
				ProcessInitializeOnLoadAttributes (91ms)
				ProcessInitializeOnLoadMethodAttributes (32ms)
				AfterProcessingInitializeOnLoad (0ms)
				EditorAssembliesLoaded (0ms)
			ExecutionOrderSort2 (0ms)
			AwakeInstancesAfterBackupRestoration (0ms)
Platform modules already initialized, skipping
Registering precompiled user dll's ...
Registered in 0.003367 seconds.
Begin MonoManager ReloadAssembly
Native extension for WindowsStandalone target not found
Native extension for WebGL target not found
Refreshing native plugins compatible for Editor in 0.50 ms, found 2 plugins.
Preloading 0 native plugins for Editor in 0.00 ms.
Mono: successfully reloaded assembly
- Completed reload, in  3.673 seconds
Domain Reload Profiling:
	ReloadAssembly (3756ms)
		BeginReloadAssembly (152ms)
			ExecutionOrderSort (0ms)
			DisableScriptedObjects (4ms)
			BackupInstance (0ms)
			ReleaseScriptingObjects (0ms)
			CreateAndSetChildDomain (18ms)
		EndReloadAssembly (3504ms)
			LoadAssemblies (2403ms)
			RebuildTransferFunctionScriptingTraits (0ms)
			SetupTypeCache (301ms)
			ReleaseScriptCaches (1ms)
			RebuildScriptCaches (41ms)
			SetupLoadedEditorAssemblies (577ms)
				LogAssemblyErrors (0ms)
				InitializePlatformSupportModulesInManaged (7ms)
				SetLoadedEditorAssemblies (0ms)
				RefreshPlugins (1ms)
				BeforeProcessingInitializeOnLoad (79ms)
				ProcessInitializeOnLoadAttributes (198ms)
				ProcessInitializeOnLoadMethodAttributes (283ms)
				AfterProcessingInitializeOnLoad (7ms)
				EditorAssembliesLoaded (1ms)
			ExecutionOrderSort2 (0ms)
			AwakeInstancesAfterBackupRestoration (8ms)
Platform modules already initialized, skipping
========================================================================
Worker process is ready to serve import requests
Launched and connected shader compiler UnityShaderCompiler.exe after 0.63 seconds
Refreshing native plugins compatible for Editor in 0.45 ms, found 2 plugins.
Preloading 0 native plugins for Editor in 0.00 ms.
Unloading 1681 Unused Serialized files (Serialized files now loaded: 0)
System memory in use before: 90.9 MB.
System memory in use after: 90.9 MB.

Unloading 16 unused Assets to reduce memory usage. Loaded Objects now: 2134.
Total: 5.295900 ms (FindLiveObjects: 0.257600 ms CreateObjectMapping: 1.523700 ms MarkObjects: 3.457100 ms  DeleteObjects: 0.056300 ms)

AssetImportParameters requested are different than current active one (requested -> active):
  custom:framework-win-MediaFoundation: 216162199b28c13a410421893ffa2e32 -> 
  custom:video-decoder-ogg-theora: a1e56fd34408186e4bbccfd4996cb3dc -> 
  custom:container-muxer-webm: aa71ff27fc2769a1b78a27578f13a17b -> 
  custom:container-demuxer-webm: 4f35f7cbe854078d1ac9338744f61a02 -> 
  custom:container-demuxer-ogg: 62fdf1f143b41e24485cea50d1cbac27 -> 
  custom:video-encoder-webm-vp8: eb34c28f22e8b96e1ab97ce403110664 -> 
  custom:video-codec-MediaFoundation-h265: 746d11721c4dcdbdad8f713fa42b33f4 -> 
  custom:video-decoder-webm-vp8: 9c59270c3fd7afecdb556c50c9e8de78 -> 
  custom:audio-decoder-ogg-vorbis: bf7c407c2cedff20999df2af8eb42d56 -> 
  custom:audio-encoder-webm-vorbis: bf7c407c2cedff20999df2af8eb42d56 -> 
========================================================================
Received Import Request.
  path: Assets/Packages/2 - Skill One Effect Prefab.unitypackage
  artifactKey: Guid(f836e54445e31cc4f8721f4243e61462) Importer(815301076,1909f56bfc062723c751e8b465ee728b)
Start importing Assets/Packages/2 - Skill One Effect Prefab.unitypackage using Guid(f836e54445e31cc4f8721f4243e61462) Importer(815301076,1909f56bfc062723c751e8b465ee728b)  -> (artifact id: '364300291c2839a82c31b59a8a86796a') in 0.305461 seconds 
  Import took 0.796304 seconds .

========================================================================
Received Import Request.
  Time since last request: 69.706245 seconds.
  path: Assets/Prefabs/Skills
  artifactKey: Guid(863966ec3c82c6540956fd3e67a9612d) Importer(815301076,1909f56bfc062723c751e8b465ee728b)
Start importing Assets/Prefabs/Skills using Guid(863966ec3c82c6540956fd3e67a9612d) Importer(815301076,1909f56bfc062723c751e8b465ee728b)  -> (artifact id: '16a5f5edf36a0ecaabbbdfa57a3ffd59') in 0.007615 seconds 
  Import took 0.034098 seconds .

========================================================================
Received Import Request.
  Time since last request: 103.672870 seconds.
  path: Assets/Prefabs/Effects/singleThornBase.prefab
  artifactKey: Guid(3537826941f13d8448e00a0558ded789) Importer(815301076,1909f56bfc062723c751e8b465ee728b)
Start importing Assets/Prefabs/Effects/singleThornBase.prefab using Guid(3537826941f13d8448e00a0558ded789) Importer(815301076,1909f56bfc062723c751e8b465ee728b)  -> (artifact id: 'c3bea0fd1a8c4485d36a50a0c1db5f14') in 0.323282 seconds 
  Import took 0.430102 seconds .

========================================================================
Received Import Request.
  Time since last request: 162.159775 seconds.
  path: Assets/Prefabs/Effects/groundImpact.prefab
  artifactKey: Guid(2f8ef9eb56c6f1d46a58225698863a6f) Importer(815301076,1909f56bfc062723c751e8b465ee728b)
Start importing Assets/Prefabs/Effects/groundImpact.prefab using Guid(2f8ef9eb56c6f1d46a58225698863a6f) Importer(815301076,1909f56bfc062723c751e8b465ee728b)  -> (artifact id: 'c0669e51b4d51a1a24a3ca5b5ad225bf') in 0.149125 seconds 
  Import took 0.208817 seconds .

========================================================================
Received Import Request.
  Time since last request: 0.304419 seconds.
  path: Assets/Prefabs/Effects/hitEffect1Base.prefab
  artifactKey: Guid(5cd612e83713bde4da6e0a059cac6984) Importer(815301076,1909f56bfc062723c751e8b465ee728b)
Start importing Assets/Prefabs/Effects/hitEffect1Base.prefab using Guid(5cd612e83713bde4da6e0a059cac6984) Importer(815301076,1909f56bfc062723c751e8b465ee728b)  -> (artifact id: '3d28154f796f64e6c056ceacec254974') in 0.254327 seconds 
  Import took 0.306718 seconds .

========================================================================
Received Import Request.
  Time since last request: 35.892151 seconds.
  path: Assets/Prefabs/Effects/singleThornBase.prefab
  artifactKey: Guid(3537826941f13d8448e00a0558ded789) Importer(815301076,1909f56bfc062723c751e8b465ee728b)
Start importing Assets/Prefabs/Effects/singleThornBase.prefab using Guid(3537826941f13d8448e00a0558ded789) Importer(815301076,1909f56bfc062723c751e8b465ee728b)  -> (artifact id: '84c60e76e385c6a7f78af8121e8f6b8e') in 0.014787 seconds 
  Import took 0.018996 seconds .

========================================================================
Received Import Request.
  Time since last request: 58.745262 seconds.
  path: Assets/Prefabs/Skills/fireBallBase.prefab
  artifactKey: Guid(9014e7364c58270468830662bdcd8007) Importer(815301076,1909f56bfc062723c751e8b465ee728b)
Start importing Assets/Prefabs/Skills/fireBallBase.prefab using Guid(9014e7364c58270468830662bdcd8007) Importer(815301076,1909f56bfc062723c751e8b465ee728b)  -> (artifact id: '1657029e06dbcd051dfaca767cfd66ef') in 0.161602 seconds 
  Import took 0.211382 seconds .

========================================================================
Received Import Request.
  Time since last request: 43.375225 seconds.
  path: Assets/Models/ShurikenMagic/ParticleMaterials/Smokes/simpleSmoke3.mat
  artifactKey: Guid(92eacec80bc9f3f41a623ef825b23c7d) Importer(815301076,1909f56bfc062723c751e8b465ee728b)
Start importing Assets/Models/ShurikenMagic/ParticleMaterials/Smokes/simpleSmoke3.mat using Guid(92eacec80bc9f3f41a623ef825b23c7d) Importer(815301076,1909f56bfc062723c751e8b465ee728b)  -> (artifact id: '7730dddbfc4fea062551d07c3bc87b94') in 0.415204 seconds 
  Import took 0.437714 seconds .

========================================================================
Received Import Request.
  Time since last request: 0.000316 seconds.
  path: Assets/Models/ShurikenMagic/ParticleMaterials/Lights/simpleFlashAdd.mat
  artifactKey: Guid(44ab1a5d7c9eaf34787474d5bf71352f) Importer(815301076,1909f56bfc062723c751e8b465ee728b)
Start importing Assets/Models/ShurikenMagic/ParticleMaterials/Lights/simpleFlashAdd.mat using Guid(44ab1a5d7c9eaf34787474d5bf71352f) Importer(815301076,1909f56bfc062723c751e8b465ee728b)  -> (artifact id: '7b702e74d68caf1286dbaeb7961a46a3') in 0.058062 seconds 
  Import took 0.091018 seconds .

========================================================================
Received Import Request.
  Time since last request: 70.531000 seconds.
  path: Assets/Prefabs/Skills/fireExplosionBase 1.prefab
  artifactKey: Guid(654746e5424740344851ed984f7ac7ce) Importer(815301076,1909f56bfc062723c751e8b465ee728b)
Start importing Assets/Prefabs/Skills/fireExplosionBase 1.prefab using Guid(654746e5424740344851ed984f7ac7ce) Importer(815301076,1909f56bfc062723c751e8b465ee728b)  -> (artifact id: '9399eb3ff24cf0b8bcb41ce01d1daa5b') in 0.145147 seconds 
  Import took 0.186574 seconds .

========================================================================
Received Import Request.
  Time since last request: 9.423205 seconds.
  path: Assets/Models/ShurikenMagic/ParticleMaterials/Lights/thickFlashAdd.mat
  artifactKey: Guid(9de2c40d96cd72b4cb2e4b817c8cf6a1) Importer(815301076,1909f56bfc062723c751e8b465ee728b)
Start importing Assets/Models/ShurikenMagic/ParticleMaterials/Lights/thickFlashAdd.mat using Guid(9de2c40d96cd72b4cb2e4b817c8cf6a1) Importer(815301076,1909f56bfc062723c751e8b465ee728b)  -> (artifact id: 'df42ae8a6c849031ae37ad33526f8497') in 0.033806 seconds 
  Import took 0.048322 seconds .

========================================================================
Received Import Request.
  Time since last request: 46.241681 seconds.
  path: Assets/Prefabs/Skills/fireBallBase.prefab
  artifactKey: Guid(9014e7364c58270468830662bdcd8007) Importer(815301076,1909f56bfc062723c751e8b465ee728b)
Start importing Assets/Prefabs/Skills/fireBallBase.prefab using Guid(9014e7364c58270468830662bdcd8007) Importer(815301076,1909f56bfc062723c751e8b465ee728b)  -> (artifact id: '6b61a8c84bb97f5389738025c9917bbb') in 0.017383 seconds 
  Import took 0.071167 seconds .

========================================================================
Received Import Request.
  Time since last request: 3.113169 seconds.
  path: Assets/Prefabs/Skills/fireExplosionBase 1.prefab
  artifactKey: Guid(654746e5424740344851ed984f7ac7ce) Importer(815301076,1909f56bfc062723c751e8b465ee728b)
Start importing Assets/Prefabs/Skills/fireExplosionBase 1.prefab using Guid(654746e5424740344851ed984f7ac7ce) Importer(815301076,1909f56bfc062723c751e8b465ee728b)  -> (artifact id: '37bc67f7d36f67eb8ebb956df3d5ed5c') in 0.030796 seconds 
  Import took 0.128568 seconds .

========================================================================
Received Import Request.
  Time since last request: 3.183332 seconds.
  path: Assets/Prefabs/Skills/insectSwarmBase.prefab
  artifactKey: Guid(23aed32f22650944091fb538a9ace530) Importer(815301076,1909f56bfc062723c751e8b465ee728b)
Start importing Assets/Prefabs/Skills/insectSwarmBase.prefab using Guid(23aed32f22650944091fb538a9ace530) Importer(815301076,1909f56bfc062723c751e8b465ee728b)  -> (artifact id: '44440dc6af0d870af2cf834c89fcd0ff') in 0.107090 seconds 
  Import took 0.124760 seconds .

========================================================================
Received Import Request.
  Time since last request: 95.355385 seconds.
  path: Assets/Prefabs/Skills/lightningBoltBase 1.prefab
  artifactKey: Guid(c4c7580851f71b848b6819776b6ac748) Importer(815301076,1909f56bfc062723c751e8b465ee728b)
Start importing Assets/Prefabs/Skills/lightningBoltBase 1.prefab using Guid(c4c7580851f71b848b6819776b6ac748) Importer(815301076,1909f56bfc062723c751e8b465ee728b)  -> (artifact id: 'e883fa9d210363218152843997eef00a') in 0.372175 seconds 
  Import took 0.400345 seconds .

========================================================================
Received Prepare
Registering precompiled user dll's ...
Registered in 0.045541 seconds.
Begin MonoManager ReloadAssembly
Native extension for WindowsStandalone target not found
Native extension for WebGL target not found
Refreshing native plugins compatible for Editor in 0.64 ms, found 2 plugins.
Preloading 0 native plugins for Editor in 0.00 ms.
Mono: successfully reloaded assembly
- Completed reload, in  1.385 seconds
Domain Reload Profiling:
	ReloadAssembly (1385ms)
		BeginReloadAssembly (147ms)
			ExecutionOrderSort (0ms)
			DisableScriptedObjects (5ms)
			BackupInstance (0ms)
			ReleaseScriptingObjects (0ms)
			CreateAndSetChildDomain (50ms)
		EndReloadAssembly (1156ms)
			LoadAssemblies (116ms)
			RebuildTransferFunctionScriptingTraits (0ms)
			SetupTypeCache (395ms)
			ReleaseScriptCaches (2ms)
			RebuildScriptCaches (52ms)
			SetupLoadedEditorAssemblies (408ms)
				LogAssemblyErrors (0ms)
				InitializePlatformSupportModulesInManaged (7ms)
				SetLoadedEditorAssemblies (0ms)
				RefreshPlugins (1ms)
				BeforeProcessingInitializeOnLoad (112ms)
				ProcessInitializeOnLoadAttributes (267ms)
				ProcessInitializeOnLoadMethodAttributes (12ms)
				AfterProcessingInitializeOnLoad (8ms)
				EditorAssembliesLoaded (1ms)
			ExecutionOrderSort2 (0ms)
			AwakeInstancesAfterBackupRestoration (10ms)
Platform modules already initialized, skipping
Switching build target platform(19) subTarget(0) extendedPlatform(0) -> platform(13) subTarget(537395200) extendedPlatform(0)
Refreshing native plugins compatible for Editor in 0.54 ms, found 2 plugins.
Preloading 0 native plugins for Editor in 0.00 ms.
Unloading 1608 Unused Serialized files (Serialized files now loaded: 0)
System memory in use before: 87.7 MB.
System memory in use after: 87.8 MB.

Unloading 11 unused Assets to reduce memory usage. Loaded Objects now: 2179.
Total: 3.381500 ms (FindLiveObjects: 0.146700 ms CreateObjectMapping: 0.101400 ms MarkObjects: 3.114000 ms  DeleteObjects: 0.018300 ms)

AssetImportParameters requested are different than current active one (requested -> active):
  custom:framework-win-MediaFoundation: 216162199b28c13a410421893ffa2e32 -> 
  custom:video-decoder-ogg-theora: a1e56fd34408186e4bbccfd4996cb3dc -> 
  custom:container-muxer-webm: aa71ff27fc2769a1b78a27578f13a17b -> 
  custom:container-demuxer-webm: 4f35f7cbe854078d1ac9338744f61a02 -> 
  custom:container-demuxer-ogg: 62fdf1f143b41e24485cea50d1cbac27 -> 
  custom:video-encoder-webm-vp8: eb34c28f22e8b96e1ab97ce403110664 -> 
  custom:video-codec-MediaFoundation-h265: 746d11721c4dcdbdad8f713fa42b33f4 -> 
  custom:video-decoder-webm-vp8: 9c59270c3fd7afecdb556c50c9e8de78 -> 
  custom:graphics/normal-map-encoding: 01000000000000000000000000000000 -> 02000000000000000000000000000000
  custom:audio-decoder-ogg-vorbis: bf7c407c2cedff20999df2af8eb42d56 -> 
  custom:audio-encoder-webm-vorbis: bf7c407c2cedff20999df2af8eb42d56 -> 
========================================================================
Received Import Request.
  Time since last request: 224.351954 seconds.
  path: Assets/Textures/Skill Effects/Flash/SimpleFlashAdd.mat
  artifactKey: Guid(33360863181c945abb2b5d63efbe4cd4) Importer(815301076,1909f56bfc062723c751e8b465ee728b)
Start importing Assets/Textures/Skill Effects/Flash/SimpleFlashAdd.mat using Guid(33360863181c945abb2b5d63efbe4cd4) Importer(815301076,1909f56bfc062723c751e8b465ee728b)  -> (artifact id: '40f9ff88394d38207334e10db371bc75') in 0.063036 seconds 
  Import took 0.118619 seconds .

========================================================================
Received Prepare
Registering precompiled user dll's ...
Registered in 0.002922 seconds.
Begin MonoManager ReloadAssembly
Native extension for WindowsStandalone target not found
Native extension for WebGL target not found
Refreshing native plugins compatible for Editor in 0.44 ms, found 2 plugins.
Preloading 0 native plugins for Editor in 0.00 ms.
Mono: successfully reloaded assembly
- Completed reload, in  1.029 seconds
Domain Reload Profiling:
	ReloadAssembly (1029ms)
		BeginReloadAssembly (117ms)
			ExecutionOrderSort (0ms)
			DisableScriptedObjects (4ms)
			BackupInstance (0ms)
			ReleaseScriptingObjects (0ms)
			CreateAndSetChildDomain (34ms)
		EndReloadAssembly (853ms)
			LoadAssemblies (91ms)
			RebuildTransferFunctionScriptingTraits (0ms)
			SetupTypeCache (257ms)
			ReleaseScriptCaches (1ms)
			RebuildScriptCaches (38ms)
			SetupLoadedEditorAssemblies (363ms)
				LogAssemblyErrors (0ms)
				InitializePlatformSupportModulesInManaged (5ms)
				SetLoadedEditorAssemblies (0ms)
				RefreshPlugins (0ms)
				BeforeProcessingInitializeOnLoad (86ms)
				ProcessInitializeOnLoadAttributes (255ms)
				ProcessInitializeOnLoadMethodAttributes (8ms)
				AfterProcessingInitializeOnLoad (7ms)
				EditorAssembliesLoaded (0ms)
			ExecutionOrderSort2 (0ms)
			AwakeInstancesAfterBackupRestoration (7ms)
Platform modules already initialized, skipping
Switching build target platform(19) subTarget(0) extendedPlatform(0) -> platform(13) subTarget(537395200) extendedPlatform(0)
Refreshing native plugins compatible for Editor in 0.45 ms, found 2 plugins.
Preloading 0 native plugins for Editor in 0.00 ms.
Unloading 1608 Unused Serialized files (Serialized files now loaded: 0)
System memory in use before: 87.7 MB.
System memory in use after: 87.8 MB.

Unloading 11 unused Assets to reduce memory usage. Loaded Objects now: 2183.
Total: 2.889300 ms (FindLiveObjects: 0.154000 ms CreateObjectMapping: 0.049600 ms MarkObjects: 2.671800 ms  DeleteObjects: 0.013100 ms)

AssetImportParameters requested are different than current active one (requested -> active):
  custom:framework-win-MediaFoundation: 216162199b28c13a410421893ffa2e32 -> 
  custom:video-decoder-ogg-theora: a1e56fd34408186e4bbccfd4996cb3dc -> 
  custom:container-muxer-webm: aa71ff27fc2769a1b78a27578f13a17b -> 
  custom:container-demuxer-webm: 4f35f7cbe854078d1ac9338744f61a02 -> 
  custom:container-demuxer-ogg: 62fdf1f143b41e24485cea50d1cbac27 -> 
  custom:video-encoder-webm-vp8: eb34c28f22e8b96e1ab97ce403110664 -> 
  custom:video-codec-MediaFoundation-h265: 746d11721c4dcdbdad8f713fa42b33f4 -> 
  custom:video-decoder-webm-vp8: 9c59270c3fd7afecdb556c50c9e8de78 -> 
  custom:graphics/normal-map-encoding: 01000000000000000000000000000000 -> 02000000000000000000000000000000
  custom:audio-decoder-ogg-vorbis: bf7c407c2cedff20999df2af8eb42d56 -> 
  custom:audio-encoder-webm-vorbis: bf7c407c2cedff20999df2af8eb42d56 -> 
========================================================================
Received Import Request.
  Time since last request: 133.160691 seconds.
  path: Assets/Textures/Skill Effects/Lightning/Lightning4.mat
  artifactKey: Guid(121358a7c19b040729456b5cacabef3b) Importer(815301076,1909f56bfc062723c751e8b465ee728b)
Start importing Assets/Textures/Skill Effects/Lightning/Lightning4.mat using Guid(121358a7c19b040729456b5cacabef3b) Importer(815301076,1909f56bfc062723c751e8b465ee728b)  -> (artifact id: '23206d51bd6e22d5d1af7e4459e5f14d') in 0.136993 seconds 
  Import took 0.163709 seconds .

========================================================================
Received Import Request.
  Time since last request: 1.143554 seconds.
  path: Assets/Textures/Skill Effects/Smoke/SimpleSmoke3.mat
  artifactKey: Guid(66024cb30c1e54cbaac643b384dcec19) Importer(815301076,1909f56bfc062723c751e8b465ee728b)
Start importing Assets/Textures/Skill Effects/Smoke/SimpleSmoke3.mat using Guid(66024cb30c1e54cbaac643b384dcec19) Importer(815301076,1909f56bfc062723c751e8b465ee728b)  -> (artifact id: '47e5f7af024817c41adb203aeaccb45c') in 0.018684 seconds 
  Import took 0.054321 seconds .

========================================================================
Received Import Request.
  Time since last request: 25.757746 seconds.
  path: Assets/Models/ShurikenMagic/ParticleMaterials/Lights/thinRingAdd.mat
  artifactKey: Guid(992feb5aaf46b114f893db95a7a588de) Importer(815301076,1909f56bfc062723c751e8b465ee728b)
Start importing Assets/Models/ShurikenMagic/ParticleMaterials/Lights/thinRingAdd.mat using Guid(992feb5aaf46b114f893db95a7a588de) Importer(815301076,1909f56bfc062723c751e8b465ee728b)  -> (artifact id: '72f5ec1a6c1fa46c713ff05af6709ab2') in 0.042365 seconds 
  Import took 0.071954 seconds .

========================================================================
Received Import Request.
  Time since last request: 4.272710 seconds.
  path: Assets/Models/ShurikenMagic/ParticleMaterials/Lights/falloffLightbeamAdd.mat
  artifactKey: Guid(288b43683b005ce46a72863e7b798297) Importer(815301076,1909f56bfc062723c751e8b465ee728b)
Start importing Assets/Models/ShurikenMagic/ParticleMaterials/Lights/falloffLightbeamAdd.mat using Guid(288b43683b005ce46a72863e7b798297) Importer(815301076,1909f56bfc062723c751e8b465ee728b)  -> (artifact id: 'ff6d39a2316ca1011a05cb83c44e4e74') in 0.105289 seconds 
  Import took 0.124927 seconds .

========================================================================
Received Prepare
Registering precompiled user dll's ...
Registered in 0.002922 seconds.
Begin MonoManager ReloadAssembly
Native extension for WindowsStandalone target not found
Native extension for WebGL target not found
Refreshing native plugins compatible for Editor in 0.54 ms, found 2 plugins.
Preloading 0 native plugins for Editor in 0.00 ms.
Mono: successfully reloaded assembly
- Completed reload, in  0.934 seconds
Domain Reload Profiling:
	ReloadAssembly (935ms)
		BeginReloadAssembly (108ms)
			ExecutionOrderSort (0ms)
			DisableScriptedObjects (3ms)
			BackupInstance (0ms)
			ReleaseScriptingObjects (0ms)
			CreateAndSetChildDomain (29ms)
		EndReloadAssembly (771ms)
			LoadAssemblies (87ms)
			RebuildTransferFunctionScriptingTraits (0ms)
			SetupTypeCache (260ms)
			ReleaseScriptCaches (1ms)
			RebuildScriptCaches (37ms)
			SetupLoadedEditorAssemblies (268ms)
				LogAssemblyErrors (0ms)
				InitializePlatformSupportModulesInManaged (6ms)
				SetLoadedEditorAssemblies (0ms)
				RefreshPlugins (1ms)
				BeforeProcessingInitializeOnLoad (78ms)
				ProcessInitializeOnLoadAttributes (167ms)
				ProcessInitializeOnLoadMethodAttributes (8ms)
				AfterProcessingInitializeOnLoad (7ms)
				EditorAssembliesLoaded (0ms)
			ExecutionOrderSort2 (0ms)
			AwakeInstancesAfterBackupRestoration (6ms)
Platform modules already initialized, skipping
Switching build target platform(19) subTarget(0) extendedPlatform(0) -> platform(13) subTarget(537395200) extendedPlatform(0)
Refreshing native plugins compatible for Editor in 0.43 ms, found 2 plugins.
Preloading 0 native plugins for Editor in 0.00 ms.
Unloading 1608 Unused Serialized files (Serialized files now loaded: 0)
System memory in use before: 87.7 MB.
System memory in use after: 87.8 MB.

Unloading 11 unused Assets to reduce memory usage. Loaded Objects now: 2187.
Total: 2.737500 ms (FindLiveObjects: 0.141700 ms CreateObjectMapping: 0.044800 ms MarkObjects: 2.538200 ms  DeleteObjects: 0.011900 ms)

AssetImportParameters requested are different than current active one (requested -> active):
  custom:framework-win-MediaFoundation: 216162199b28c13a410421893ffa2e32 -> 
  custom:video-decoder-ogg-theora: a1e56fd34408186e4bbccfd4996cb3dc -> 
  custom:container-muxer-webm: aa71ff27fc2769a1b78a27578f13a17b -> 
  custom:container-demuxer-webm: 4f35f7cbe854078d1ac9338744f61a02 -> 
  custom:container-demuxer-ogg: 62fdf1f143b41e24485cea50d1cbac27 -> 
  custom:video-encoder-webm-vp8: eb34c28f22e8b96e1ab97ce403110664 -> 
  custom:video-codec-MediaFoundation-h265: 746d11721c4dcdbdad8f713fa42b33f4 -> 
  custom:video-decoder-webm-vp8: 9c59270c3fd7afecdb556c50c9e8de78 -> 
  custom:graphics/normal-map-encoding: 01000000000000000000000000000000 -> 02000000000000000000000000000000
  custom:audio-decoder-ogg-vorbis: bf7c407c2cedff20999df2af8eb42d56 -> 
  custom:audio-encoder-webm-vorbis: bf7c407c2cedff20999df2af8eb42d56 -> 
========================================================================
Received Import Request.
  Time since last request: 54.380026 seconds.
  path: Assets/Prefabs/Skills/pentagramRitual.prefab
  artifactKey: Guid(9670f8a955ac189478d92ef8c8784863) Importer(815301076,1909f56bfc062723c751e8b465ee728b)
Start importing Assets/Prefabs/Skills/pentagramRitual.prefab using Guid(9670f8a955ac189478d92ef8c8784863) Importer(815301076,1909f56bfc062723c751e8b465ee728b)  -> (artifact id: 'f1a385db70b9249cee0d214cd90bddbb') in 0.241102 seconds 
  Import took 0.260823 seconds .

========================================================================
Received Import Request.
  Time since last request: 2.889132 seconds.
  path: Assets/Models/ShurikenMagic/ParticleMaterials/Rituals/ritualPentagramAdd.mat
  artifactKey: Guid(cb4b206138f2d6b4bbbe732fcc8daf08) Importer(815301076,1909f56bfc062723c751e8b465ee728b)
Start importing Assets/Models/ShurikenMagic/ParticleMaterials/Rituals/ritualPentagramAdd.mat using Guid(cb4b206138f2d6b4bbbe732fcc8daf08) Importer(815301076,1909f56bfc062723c751e8b465ee728b)  -> (artifact id: '7503bdfa39ff92306639d28cd8d33154') in 0.047407 seconds 
  Import took 0.065512 seconds .

========================================================================
Received Import Request.
  Time since last request: 9.511920 seconds.
  path: Assets/Models/ShurikenMagic/ParticleMaterials/Rituals/soulAdd.mat
  artifactKey: Guid(b24bb71f277c1584194a7480ea58d0c7) Importer(815301076,1909f56bfc062723c751e8b465ee728b)
Start importing Assets/Models/ShurikenMagic/ParticleMaterials/Rituals/soulAdd.mat using Guid(b24bb71f277c1584194a7480ea58d0c7) Importer(815301076,1909f56bfc062723c751e8b465ee728b)  -> (artifact id: '1f647190001a2af7bfde97e25e0d7a24') in 0.091066 seconds 
  Import took 0.094383 seconds .

========================================================================
Received Import Request.
  Time since last request: 5.750621 seconds.
  path: Assets/Prefabs/Skills/SkillOneEffect.prefab
  artifactKey: Guid(6691aa7b9e54d5346a5025c621bc2925) Importer(815301076,1909f56bfc062723c751e8b465ee728b)
Start importing Assets/Prefabs/Skills/SkillOneEffect.prefab using Guid(6691aa7b9e54d5346a5025c621bc2925) Importer(815301076,1909f56bfc062723c751e8b465ee728b)  -> (artifact id: 'bf69b70ab4ff54fca3a185f74d18ed1c') in 0.022598 seconds 
  Import took 0.092082 seconds .

========================================================================
Received Import Request.
  Time since last request: 19.566772 seconds.
  path: Assets/Models/ShurikenMagic/ParticleMaterials/Parts/fly.mat
  artifactKey: Guid(482fa83c919ae814a8e0e20849ce0ec0) Importer(815301076,1909f56bfc062723c751e8b465ee728b)
Start importing Assets/Models/ShurikenMagic/ParticleMaterials/Parts/fly.mat using Guid(482fa83c919ae814a8e0e20849ce0ec0) Importer(815301076,1909f56bfc062723c751e8b465ee728b)  -> (artifact id: 'f888c39e9ba93e11052893c7ba5a89d9') in 0.087233 seconds 
  Import took 0.107210 seconds .

========================================================================
Received Import Request.
  Time since last request: 18.556755 seconds.
  path: Assets/Prefabs/Skills/thornStorm.prefab
  artifactKey: Guid(b18096a8a296c6843ba6741a784120d5) Importer(815301076,1909f56bfc062723c751e8b465ee728b)
Start importing Assets/Prefabs/Skills/thornStorm.prefab using Guid(b18096a8a296c6843ba6741a784120d5) Importer(815301076,1909f56bfc062723c751e8b465ee728b)  -> (artifact id: 'b25d958f481b3627e61ff67e8bfa13a6') in 0.067247 seconds 
  Import took 0.113369 seconds .

========================================================================
Received Import Request.
  Time since last request: 6.215285 seconds.
  path: Assets/Models/ShurikenMagic/ParticleMaterials/Parts/pebbleRay.mat
  artifactKey: Guid(8fe14ac57d540ef44ae87afde6f310c0) Importer(815301076,1909f56bfc062723c751e8b465ee728b)
Start importing Assets/Models/ShurikenMagic/ParticleMaterials/Parts/pebbleRay.mat using Guid(8fe14ac57d540ef44ae87afde6f310c0) Importer(815301076,1909f56bfc062723c751e8b465ee728b)  -> (artifact id: '28c345668574db210a0a39dc9c4c6d83') in 0.061711 seconds 
  Import took 0.064661 seconds .

AssetImportWorkerClient::OnTransportError - code=2 error=End of file
